<?xml version="1.0" encoding="UTF-8"?>
<!-- Generated by org.testng.reporters.JUnitXMLReporter -->
<testsuite hostname="DESKTOP-AOR3ST8" ignored="0" name="Command line test" tests="3" failures="0" timestamp="12 Dec 2018 00:19:13 GMT" time="58.262" errors="0">
  <testcase name="imageTest" time="0.669" classname="com.walmart.qa.test.SearchPageTest"/>
  <testcase name="logoTest" time="0.049" classname="com.walmart.qa.test.SearchPageTest"/>
  <testcase name="searchfieldTest" time="5.983" classname="com.walmart.qa.test.SearchPageTest"/>
</testsuite> <!-- Command line test -->
