<?xml version="1.0" encoding="UTF-8"?>
<!-- Generated by org.testng.reporters.JUnitXMLReporter -->
<testsuite hostname="DESKTOP-AOR3ST8" ignored="0" name="Default test" tests="3" failures="0" timestamp="11 Dec 2018 21:27:59 GMT" time="32.197" errors="0">
  <testcase name="imageTest" time="0.058" classname="com.walmart.qa.test.SearchPageTest"/>
  <testcase name="logoTest" time="0.045" classname="com.walmart.qa.test.SearchPageTest"/>
  <testcase name="searchfieldTest" time="4.883" classname="com.walmart.qa.test.SearchPageTest"/>
</testsuite> <!-- Default test -->
