<?xml version="1.0" encoding="UTF-8"?>
<testng-results skipped="0" failed="0" ignored="0" total="3" passed="3">
  <reporter-output>
  </reporter-output>
  <suite name="com.walmart.qa.test.SearchPageTest" duration-ms="58262" started-at="2018-12-12T00:18:15Z" finished-at="2018-12-12T00:19:13Z">
    <groups>
    </groups>
    <test name="Command line test" duration-ms="58262" started-at="2018-12-12T00:18:15Z" finished-at="2018-12-12T00:19:13Z">
      <class name="com.walmart.qa.test.SearchPageTest">
        <test-method status="PASS" signature="setUp()[pri:0, instance:com.walmart.qa.test.SearchPageTest@6bf256fa]" name="setUp" is-config="true" duration-ms="21247" started-at="2018-12-11T16:18:15Z" finished-at="2018-12-11T16:18:36Z">
          <reporter-output>
          </reporter-output>
        </test-method> <!-- setUp -->
        <test-method status="PASS" signature="imageTest()[pri:1, instance:com.walmart.qa.test.SearchPageTest@6bf256fa]" name="imageTest" duration-ms="669" started-at="2018-12-11T16:18:36Z" finished-at="2018-12-11T16:18:37Z">
          <reporter-output>
          </reporter-output>
        </test-method> <!-- imageTest -->
        <test-method status="PASS" signature="tearDown()[pri:0, instance:com.walmart.qa.test.SearchPageTest@6bf256fa]" name="tearDown" is-config="true" duration-ms="1090" started-at="2018-12-11T16:18:37Z" finished-at="2018-12-11T16:18:38Z">
          <reporter-output>
          </reporter-output>
        </test-method> <!-- tearDown -->
        <test-method status="PASS" signature="setUp()[pri:0, instance:com.walmart.qa.test.SearchPageTest@6bf256fa]" name="setUp" is-config="true" duration-ms="15635" started-at="2018-12-11T16:18:38Z" finished-at="2018-12-11T16:18:53Z">
          <reporter-output>
          </reporter-output>
        </test-method> <!-- setUp -->
        <test-method status="PASS" signature="logoTest()[pri:2, instance:com.walmart.qa.test.SearchPageTest@6bf256fa]" name="logoTest" duration-ms="49" started-at="2018-12-11T16:18:53Z" finished-at="2018-12-11T16:18:53Z">
          <reporter-output>
          </reporter-output>
        </test-method> <!-- logoTest -->
        <test-method status="PASS" signature="tearDown()[pri:0, instance:com.walmart.qa.test.SearchPageTest@6bf256fa]" name="tearDown" is-config="true" duration-ms="954" started-at="2018-12-11T16:18:53Z" finished-at="2018-12-11T16:18:54Z">
          <reporter-output>
          </reporter-output>
        </test-method> <!-- tearDown -->
        <test-method status="PASS" signature="setUp()[pri:0, instance:com.walmart.qa.test.SearchPageTest@6bf256fa]" name="setUp" is-config="true" duration-ms="11402" started-at="2018-12-11T16:18:54Z" finished-at="2018-12-11T16:19:06Z">
          <reporter-output>
          </reporter-output>
        </test-method> <!-- setUp -->
        <test-method status="PASS" signature="searchfieldTest()[pri:3, instance:com.walmart.qa.test.SearchPageTest@6bf256fa]" name="searchfieldTest" duration-ms="5983" started-at="2018-12-11T16:19:06Z" finished-at="2018-12-11T16:19:12Z">
          <reporter-output>
          </reporter-output>
        </test-method> <!-- searchfieldTest -->
        <test-method status="PASS" signature="tearDown()[pri:0, instance:com.walmart.qa.test.SearchPageTest@6bf256fa]" name="tearDown" is-config="true" duration-ms="1192" started-at="2018-12-11T16:19:12Z" finished-at="2018-12-11T16:19:13Z">
          <reporter-output>
          </reporter-output>
        </test-method> <!-- tearDown -->
      </class> <!-- com.walmart.qa.test.SearchPageTest -->
    </test> <!-- Command line test -->
  </suite> <!-- com.walmart.qa.test.SearchPageTest -->
</testng-results>
